<?xml version="1.0" encoding="UTF-8"?>
<!-- Generated by org.testng.reporters.JUnitReportReporter -->
<testsuite skipped="0" hostname="Zebas-MacBook-Air.local" name="com.tcs.testLayer.SauceTest" tests="4" failures="0" timestamp="2021-06-15T01:20:38 IST" time="275.903" errors="0">
  <testcase name="checkAddToCart" time="103.992" classname="com.tcs.testLayer.SauceTest"/>
  <system-out/>
  <testcase name="checkInventoryItem" time="33.922" classname="com.tcs.testLayer.SauceTest"/>
  <system-out/>
  <testcase name="checkInventoryItem" time="124.177" classname="com.tcs.testLayer.SauceTest"/>
  <system-out/>
  <testcase name="checkAddToCart" time="13.812" classname="com.tcs.testLayer.SauceTest"/>
  <system-out/>
</testsuite> <!-- com.tcs.testLayer.SauceTest -->
